[debug] [2025-01-31T06:57:44.513Z] ----------------------------------------------------------------------
[debug] [2025-01-31T06:57:44.517Z] Command:       C:\Program Files\nodejs\node.exe C:\Users\shubh\AppData\Roaming\npm\node_modules\firebase-tools\lib\bin\firebase.js init
[debug] [2025-01-31T06:57:44.517Z] CLI Version:   13.29.3
[debug] [2025-01-31T06:57:44.518Z] Platform:      win32
[debug] [2025-01-31T06:57:44.518Z] Node Version:  v20.12.2
[debug] [2025-01-31T06:57:44.518Z] Time:          Fri Jan 31 2025 12:27:44 GMT+0530 (India Standard Time)
[debug] [2025-01-31T06:57:44.518Z] ----------------------------------------------------------------------
[debug] 
[debug] [2025-01-31T06:57:44.521Z] >>> [apiv2][query] GET https://firebase-public.firebaseio.com/cli.json [none]
[debug] [2025-01-31T06:57:44.567Z] > command requires scopes: ["email","openid","https://www.googleapis.com/auth/cloudplatformprojects.readonly","https://www.googleapis.com/auth/firebase","https://www.googleapis.com/auth/cloud-platform"]
[debug] [2025-01-31T06:57:44.567Z] > authorizing via signed-in user (shubhampawar4036@gmail.com)
[info] 
     ######## #### ########  ######## ########     ###     ######  ########
     ##        ##  ##     ## ##       ##     ##  ##   ##  ##       ##
     ######    ##  ########  ######   ########  #########  ######  ######
     ##        ##  ##    ##  ##       ##     ## ##     ##       ## ##
     ##       #### ##     ## ######## ########  ##     ##  ######  ########

You're about to initialize a Firebase project in this directory:

  C:\Users\shubh\Health-Challenger-tracker\health-challenge-tracker

[debug] [2025-01-31T06:57:45.146Z] <<< [apiv2][status] GET https://firebase-public.firebaseio.com/cli.json 200
[debug] [2025-01-31T06:57:45.147Z] <<< [apiv2][body] GET https://firebase-public.firebaseio.com/cli.json {"cloudBuildErrorAfter":1594252800000,"cloudBuildWarnAfter":1590019200000,"defaultNode10After":1594252800000,"minVersion":"3.0.5","node8DeploysDisabledAfter":1613390400000,"node8RuntimeDisabledAfter":1615809600000,"node8WarnAfter":1600128000000}
[info] 
=== Project Setup
[info] 
[info] First, let's associate this project directory with a Firebase project.
[info] You can create multiple project aliases by running firebase use --add, 
[info] but for now we'll just set up a default project.
[info] 
[info] i  If you want to create a project in a Google Cloud organization or folder, please use "firebase projects:create" instead, and return to this command when you've created the project. 
[debug] [2025-01-31T06:58:45.894Z] Checked if tokens are valid: false, expires at: 1734365708771
[debug] [2025-01-31T06:58:45.895Z] Checked if tokens are valid: false, expires at: 1734365708771
[debug] [2025-01-31T06:58:45.895Z] > refreshing access token with scopes: []
[debug] [2025-01-31T06:58:45.896Z] >>> [apiv2][query] POST https://www.googleapis.com/oauth2/v3/token [none]
[debug] [2025-01-31T06:58:45.896Z] >>> [apiv2][body] POST https://www.googleapis.com/oauth2/v3/token [omitted]
[debug] [2025-01-31T06:58:46.105Z] <<< [apiv2][status] POST https://www.googleapis.com/oauth2/v3/token 200
[debug] [2025-01-31T06:58:46.105Z] <<< [apiv2][body] POST https://www.googleapis.com/oauth2/v3/token [omitted]
[debug] [2025-01-31T06:58:46.115Z] >>> [apiv2][query] POST https://cloudresourcemanager.googleapis.com/v1/projects [none]
[debug] [2025-01-31T06:58:46.116Z] >>> [apiv2][body] POST https://cloudresourcemanager.googleapis.com/v1/projects {"projectId":"workout-tracker","name":"workout-tracker"}
[debug] [2025-01-31T06:58:47.619Z] <<< [apiv2][status] POST https://cloudresourcemanager.googleapis.com/v1/projects 409
[debug] [2025-01-31T06:58:47.619Z] <<< [apiv2][body] POST https://cloudresourcemanager.googleapis.com/v1/projects {"error":{"code":409,"message":"Requested entity already exists","status":"ALREADY_EXISTS"}}
[debug] [2025-01-31T06:58:47.784Z] FirebaseError: Request to https://cloudresourcemanager.googleapis.com/v1/projects had HTTP Error: 409, Requested entity already exists
    at responseToError (C:\Users\shubh\AppData\Roaming\npm\node_modules\firebase-tools\lib\responseToError.js:52:12)
    at RetryOperation._fn (C:\Users\shubh\AppData\Roaming\npm\node_modules\firebase-tools\lib\apiv2.js:312:77)
    at process.processTicksAndRejections (node:internal/process/task_queues:95:5)
[error] 
[error] Error: Failed to create project because there is already a project with ID workout-tracker. Please try again with a unique project ID.
[debug] [2025-01-31T06:59:06.625Z] ----------------------------------------------------------------------
[debug] [2025-01-31T06:59:06.628Z] Command:       C:\Program Files\nodejs\node.exe C:\Users\shubh\AppData\Roaming\npm\node_modules\firebase-tools\lib\bin\firebase.js init
[debug] [2025-01-31T06:59:06.628Z] CLI Version:   13.29.3
[debug] [2025-01-31T06:59:06.628Z] Platform:      win32
[debug] [2025-01-31T06:59:06.628Z] Node Version:  v20.12.2
[debug] [2025-01-31T06:59:06.629Z] Time:          Fri Jan 31 2025 12:29:06 GMT+0530 (India Standard Time)
[debug] [2025-01-31T06:59:06.629Z] ----------------------------------------------------------------------
[debug] 
[debug] [2025-01-31T06:59:06.635Z] > command requires scopes: ["email","openid","https://www.googleapis.com/auth/cloudplatformprojects.readonly","https://www.googleapis.com/auth/firebase","https://www.googleapis.com/auth/cloud-platform"]
[debug] [2025-01-31T06:59:06.636Z] > authorizing via signed-in user (shubhampawar4036@gmail.com)
[info] 
     ######## #### ########  ######## ########     ###     ######  ########
     ##        ##  ##     ## ##       ##     ##  ##   ##  ##       ##
     ######    ##  ########  ######   ########  #########  ######  ######
     ##        ##  ##    ##  ##       ##     ## ##     ##       ## ##
     ##       #### ##     ## ######## ########  ##     ##  ######  ########

You're about to initialize a Firebase project in this directory:

  C:\Users\shubh\Health-Challenger-tracker\health-challenge-tracker

